生成启动时间为 2021/3/14 23:27:08。
     1>项目“D:\c语言\趣学C语言\趣学C语言\趣学C语言.vcxproj”在节点 2 上(build 个目标)。
     1>InitializeBuildStatus:
         正在创建“Debug\趣学C语言.unsuccessfulbuild”，因为已指定“AlwaysCreate”。
       ClCompile:
         D:\Visual c   2010 Express\VC\bin\CL.exe /c /ZI /nologo /W3 /WX- /Od /Oy- /D _UNICODE /D UNICODE /Gm /EHsc /RTC1 /MDd /GS /fp:precise /Zc:wchar_t /Zc:forScope /Fo"Debug\\" /Fd"Debug\vc100.pdb" /Gd /TP /analyze- /errorReport:prompt P61.cpp
         P61.cpp
       Link:
         D:\Visual c   2010 Express\VC\bin\link.exe /ERRORREPORT:PROMPT /OUT:"D:\c语言\趣学C语言\Debug\趣学C语言.exe" /NOLOGO kernel32.lib user32.lib gdi32.lib winspool.lib comdlg32.lib advapi32.lib shell32.lib ole32.lib oleaut32.lib uuid.lib odbc32.lib odbccp32.lib /MANIFEST /ManifestFile:"Debug\趣学C语言.exe.intermediate.manifest" /MANIFESTUAC:"level='asInvoker' uiAccess='false'" /DEBUG /PDB:"D:\c语言\趣学C语言\Debug\趣学C语言.pdb" /SUBSYSTEM:CONSOLE /TLBID:1 /DYNAMICBASE /NXCOMPAT /IMPLIB:"D:\c语言\趣学C语言\Debug\趣学C语言.lib" /MACHINE:X86 Debug\P45.obj
         Debug\P61.obj
         LINK : 没有找到 D:\c语言\趣学C语言\Debug\趣学C语言.exe 或上一个增量链接没有生成它；正在执行完全链接
         趣学C语言.vcxproj -> D:\c语言\趣学C语言\Debug\趣学C语言.exe
       Manifest:
         C:\Program Files (x86)\Microsoft SDKs\Windows\v7.0A\bin\mt.exe /nologo /verbose /outputresource:"D:\c语言\趣学C语言\Debug\趣学C语言.exe;#1" /manifest "Debug\趣学C语言.exe.intermediate.manifest"
       FinalizeBuildStatus:
         正在删除文件“Debug\趣学C语言.unsuccessfulbuild”。
         正在对“Debug\趣学C语言.lastbuildstate”执行 Touch 任务。
     1>已完成生成项目“D:\c语言\趣学C语言\趣学C语言\趣学C语言.vcxproj”(build 个目标)的操作。

生成成功。

已用时间 00:00:00.37
