生成启动时间为 2021/3/17 12:42:57。
     1>项目“D:\c语言\test.c\字符排序\字符排序\字符排序.vcxproj”在节点 2 上(rebuild 个目标)。
     1>_PrepareForClean:
         正在删除文件“Debug\字符排序.lastbuildstate”。
       InitializeBuildStatus:
         正在创建“Debug\字符排序.unsuccessfulbuild”，因为已指定“AlwaysCreate”。
       ClCompile:
         D:\Visual c   2010 Express\VC\bin\CL.exe /c /ZI /nologo /W3 /WX- /Od /Oy- /D _UNICODE /D UNICODE /Gm /EHsc /RTC1 /MDd /GS /fp:precise /Zc:wchar_t /Zc:forScope /Fo"Debug\\" /Fd"Debug\vc100.pdb" /Gd /TC /analyze- /errorReport:prompt .c
         .c
     1>d:\c语言\test.c\字符排序\字符排序\.c(111): warning C4013: “system”未定义；假设外部返回 int
       Link:
         D:\Visual c   2010 Express\VC\bin\link.exe /ERRORREPORT:PROMPT /OUT:"D:\c语言\test.c\字符排序\Debug\字符排序.exe" /NOLOGO kernel32.lib user32.lib gdi32.lib winspool.lib comdlg32.lib advapi32.lib shell32.lib ole32.lib oleaut32.lib uuid.lib odbc32.lib odbccp32.lib /MANIFEST /ManifestFile:"Debug\字符排序.exe.intermediate.manifest" /MANIFESTUAC:"level='asInvoker' uiAccess='false'" /DEBUG /PDB:"D:\c语言\test.c\字符排序\Debug\字符排序.pdb" /SUBSYSTEM:CONSOLE /TLBID:1 /DYNAMICBASE /NXCOMPAT /IMPLIB:"D:\c语言\test.c\字符排序\Debug\字符排序.lib" /MACHINE:X86 Debug\.obj
         字符排序.vcxproj -> D:\c语言\test.c\字符排序\Debug\字符排序.exe
       Manifest:
         C:\Program Files (x86)\Microsoft SDKs\Windows\v7.0A\bin\mt.exe /nologo /verbose /outputresource:"D:\c语言\test.c\字符排序\Debug\字符排序.exe;#1" /manifest "Debug\字符排序.exe.intermediate.manifest"
       FinalizeBuildStatus:
         正在删除文件“Debug\字符排序.unsuccessfulbuild”。
         正在对“Debug\字符排序.lastbuildstate”执行 Touch 任务。
     1>已完成生成项目“D:\c语言\test.c\字符排序\字符排序\字符排序.vcxproj”(rebuild 个目标)的操作。

生成成功。

已用时间 00:00:00.39
