生成启动时间为 2021/3/8 16:59:34。
     1>项目“D:\c语言\数据的存储与表示\数据的存储与表示\数据的存储与表示.vcxproj”在节点 2 上(build 个目标)。
     1>InitializeBuildStatus:
         正在创建“Debug\数据的存储与表示.unsuccessfulbuild”，因为已指定“AlwaysCreate”。
       ClCompile:
         D:\Visual c   2010 Express\VC\bin\CL.exe /c /ZI /nologo /W3 /WX- /Od /Oy- /D _UNICODE /D UNICODE /Gm /EHsc /RTC1 /MDd /GS /fp:precise /Zc:wchar_t /Zc:forScope /Fo"Debug\\" /Fd"Debug\vc100.pdb" /Gd /TP /analyze- /errorReport:prompt "求圆的周长和面积.cpp"
         求圆的周长和面积.cpp
     1>d:\c语言\数据的存储与表示\数据的存储与表示\求圆的周长和面积.cpp(10): warning C4244: “=”: 从“double”转换到“float”，可能丢失数据
     1>d:\c语言\数据的存储与表示\数据的存储与表示\求圆的周长和面积.cpp(11): warning C4244: “=”: 从“double”转换到“float”，可能丢失数据
       Link:
         D:\Visual c   2010 Express\VC\bin\link.exe /ERRORREPORT:PROMPT /OUT:"D:\c语言\数据的存储与表示\Debug\数据的存储与表示.exe" /NOLOGO kernel32.lib user32.lib gdi32.lib winspool.lib comdlg32.lib advapi32.lib shell32.lib ole32.lib oleaut32.lib uuid.lib odbc32.lib odbccp32.lib /MANIFEST /ManifestFile:"Debug\数据的存储与表示.exe.intermediate.manifest" /MANIFESTUAC:"level='asInvoker' uiAccess='false'" /DEBUG /PDB:"D:\c语言\数据的存储与表示\Debug\数据的存储与表示.pdb" /SUBSYSTEM:CONSOLE /TLBID:1 /DYNAMICBASE /NXCOMPAT /IMPLIB:"D:\c语言\数据的存储与表示\Debug\数据的存储与表示.lib" /MACHINE:X86 "Debug\求圆的周长和面积.obj"
         LINK : 没有找到 D:\c语言\数据的存储与表示\Debug\数据的存储与表示.exe 或上一个增量链接没有生成它；正在执行完全链接
         数据的存储与表示.vcxproj -> D:\c语言\数据的存储与表示\Debug\数据的存储与表示.exe
       Manifest:
         C:\Program Files (x86)\Microsoft SDKs\Windows\v7.0A\bin\mt.exe /nologo /verbose /outputresource:"D:\c语言\数据的存储与表示\Debug\数据的存储与表示.exe;#1" /manifest "Debug\数据的存储与表示.exe.intermediate.manifest"
       FinalizeBuildStatus:
         正在删除文件“Debug\数据的存储与表示.unsuccessfulbuild”。
         正在对“Debug\数据的存储与表示.lastbuildstate”执行 Touch 任务。
     1>已完成生成项目“D:\c语言\数据的存储与表示\数据的存储与表示\数据的存储与表示.vcxproj”(build 个目标)的操作。

生成成功。

已用时间 00:00:00.30
