生成启动时间为 2021/2/15 星期一 12:33:33。
     1>项目“D:\C语言\数组逆序\数组逆序\数组逆序.vcxproj”在节点 2 上(build 个目标)。
     1>InitializeBuildStatus:
         正在创建“Debug\数组逆序.unsuccessfulbuild”，因为已指定“AlwaysCreate”。
       ClCompile:
         D:\新建文件夹\VC\bin\CL.exe /c /ZI /nologo /W3 /WX- /Od /Oy- /D _UNICODE /D UNICODE /Gm /EHsc /RTC1 /MDd /GS /fp:precise /Zc:wchar_t /Zc:forScope /Fo"Debug\\" /Fd"Debug\vc100.pdb" /Gd /TC /analyze- /errorReport:prompt .c
         .c
     1>d:\c语言\数组逆序\数组逆序\.c(6): warning C4101: “a”: 未引用的局部变量
     1>d:\c语言\数组逆序\数组逆序\.c(6): warning C4101: “t”: 未引用的局部变量
     1>d:\c语言\数组逆序\数组逆序\.c(16): warning C4716: “fun”: 必须返回一个值
       Link:
         D:\新建文件夹\VC\bin\link.exe /ERRORREPORT:PROMPT /OUT:"D:\C语言\数组逆序\Debug\数组逆序.exe" /NOLOGO kernel32.lib user32.lib gdi32.lib winspool.lib comdlg32.lib advapi32.lib shell32.lib ole32.lib oleaut32.lib uuid.lib odbc32.lib odbccp32.lib /MANIFEST /ManifestFile:"Debug\数组逆序.exe.intermediate.manifest" /MANIFESTUAC:"level='asInvoker' uiAccess='false'" /DEBUG /PDB:"D:\C语言\数组逆序\Debug\数组逆序.pdb" /SUBSYSTEM:CONSOLE /TLBID:1 /DYNAMICBASE /NXCOMPAT /IMPLIB:"D:\C语言\数组逆序\Debug\数组逆序.lib" /MACHINE:X86 Debug\.obj
         LINK : 没有找到 D:\C语言\数组逆序\Debug\数组逆序.exe 或上一个增量链接没有生成它；正在执行完全链接
         数组逆序.vcxproj -> D:\C语言\数组逆序\Debug\数组逆序.exe
       Manifest:
         C:\Program Files (x86)\Microsoft SDKs\Windows\v7.0A\bin\mt.exe /nologo /verbose /outputresource:"D:\C语言\数组逆序\Debug\数组逆序.exe;#1" /manifest "Debug\数组逆序.exe.intermediate.manifest"
       FinalizeBuildStatus:
         正在删除文件“Debug\数组逆序.unsuccessfulbuild”。
         正在对“Debug\数组逆序.lastbuildstate”执行 Touch 任务。
     1>已完成生成项目“D:\C语言\数组逆序\数组逆序\数组逆序.vcxproj”(build 个目标)的操作。

生成成功。

已用时间 00:00:01.51
